/Users/cuitianyu/Tools/anaconda3/envs/deep_learning/lib/python3.7/site-packages/tensorflow/python/framework/dtypes.py:516: FutureWarning: Passing (type, 1) or '1type' as a synonym of type is deprecated; in a future version of numpy, it will be understood as (type, (1,)) / '(1,)type'.
  _np_qint8 = np.dtype([("qint8", np.int8, 1)])
/Users/cuitianyu/Tools/anaconda3/envs/deep_learning/lib/python3.7/site-packages/tensorflow/python/framework/dtypes.py:517: FutureWarning: Passing (type, 1) or '1type' as a synonym of type is deprecated; in a future version of numpy, it will be understood as (type, (1,)) / '(1,)type'.
  _np_quint8 = np.dtype([("quint8", np.uint8, 1)])
/Users/cuitianyu/Tools/anaconda3/envs/deep_learning/lib/python3.7/site-packages/tensorflow/python/framework/dtypes.py:518: FutureWarning: Passing (type, 1) or '1type' as a synonym of type is deprecated; in a future version of numpy, it will be understood as (type, (1,)) / '(1,)type'.
  _np_qint16 = np.dtype([("qint16", np.int16, 1)])
/Users/cuitianyu/Tools/anaconda3/envs/deep_learning/lib/python3.7/site-packages/tensorflow/python/framework/dtypes.py:519: FutureWarning: Passing (type, 1) or '1type' as a synonym of type is deprecated; in a future version of numpy, it will be understood as (type, (1,)) / '(1,)type'.
  _np_quint16 = np.dtype([("quint16", np.uint16, 1)])
/Users/cuitianyu/Tools/anaconda3/envs/deep_learning/lib/python3.7/site-packages/tensorflow/python/framework/dtypes.py:520: FutureWarning: Passing (type, 1) or '1type' as a synonym of type is deprecated; in a future version of numpy, it will be understood as (type, (1,)) / '(1,)type'.
  _np_qint32 = np.dtype([("qint32", np.int32, 1)])
/Users/cuitianyu/Tools/anaconda3/envs/deep_learning/lib/python3.7/site-packages/tensorflow/python/framework/dtypes.py:525: FutureWarning: Passing (type, 1) or '1type' as a synonym of type is deprecated; in a future version of numpy, it will be understood as (type, (1,)) / '(1,)type'.
  np_resource = np.dtype([("resource", np.ubyte, 1)])
/Users/cuitianyu/Tools/anaconda3/envs/deep_learning/lib/python3.7/site-packages/tensorboard/compat/tensorflow_stub/dtypes.py:541: FutureWarning: Passing (type, 1) or '1type' as a synonym of type is deprecated; in a future version of numpy, it will be understood as (type, (1,)) / '(1,)type'.
  _np_qint8 = np.dtype([("qint8", np.int8, 1)])
/Users/cuitianyu/Tools/anaconda3/envs/deep_learning/lib/python3.7/site-packages/tensorboard/compat/tensorflow_stub/dtypes.py:542: FutureWarning: Passing (type, 1) or '1type' as a synonym of type is deprecated; in a future version of numpy, it will be understood as (type, (1,)) / '(1,)type'.
  _np_quint8 = np.dtype([("quint8", np.uint8, 1)])
/Users/cuitianyu/Tools/anaconda3/envs/deep_learning/lib/python3.7/site-packages/tensorboard/compat/tensorflow_stub/dtypes.py:543: FutureWarning: Passing (type, 1) or '1type' as a synonym of type is deprecated; in a future version of numpy, it will be understood as (type, (1,)) / '(1,)type'.
  _np_qint16 = np.dtype([("qint16", np.int16, 1)])
/Users/cuitianyu/Tools/anaconda3/envs/deep_learning/lib/python3.7/site-packages/tensorboard/compat/tensorflow_stub/dtypes.py:544: FutureWarning: Passing (type, 1) or '1type' as a synonym of type is deprecated; in a future version of numpy, it will be understood as (type, (1,)) / '(1,)type'.
  _np_quint16 = np.dtype([("quint16", np.uint16, 1)])
/Users/cuitianyu/Tools/anaconda3/envs/deep_learning/lib/python3.7/site-packages/tensorboard/compat/tensorflow_stub/dtypes.py:545: FutureWarning: Passing (type, 1) or '1type' as a synonym of type is deprecated; in a future version of numpy, it will be understood as (type, (1,)) / '(1,)type'.
  _np_qint32 = np.dtype([("qint32", np.int32, 1)])
/Users/cuitianyu/Tools/anaconda3/envs/deep_learning/lib/python3.7/site-packages/tensorboard/compat/tensorflow_stub/dtypes.py:550: FutureWarning: Passing (type, 1) or '1type' as a synonym of type is deprecated; in a future version of numpy, it will be understood as (type, (1,)) / '(1,)type'.
  np_resource = np.dtype([("resource", np.ubyte, 1)])
WARNING:tensorflow:From linkage_model/SiamHAN/inference_tracking_re.py:11: The name tf.GPUOptions is deprecated. Please use tf.compat.v1.GPUOptions instead.

WARNING:tensorflow:From linkage_model/SiamHAN/inference_tracking_re.py:12: The name tf.Session is deprecated. Please use tf.compat.v1.Session instead.

WARNING:tensorflow:From linkage_model/SiamHAN/inference_tracking_re.py:12: The name tf.ConfigProto is deprecated. Please use tf.compat.v1.ConfigProto instead.

2023-03-03 23:37:04.421112: I tensorflow/core/platform/cpu_feature_guard.cc:145] This TensorFlow binary is optimized with Intel(R) MKL-DNN to use the following CPU instructions in performance critical operations:  SSE4.1 SSE4.2 AVX AVX2 FMA
To enable them in non-MKL-DNN operations, rebuild TensorFlow with the appropriate compiler flags.
2023-03-03 23:37:04.421648: I tensorflow/core/common_runtime/process_util.cc:115] Creating new thread pool with default inter op setting: 12. Tune using inter_op_parallelism_threads for best performance.
----- User data info -----
max graph nb.node limit:  50
max feature dim limit:  50
nb.user:  610
nb.client node:  786
max graph nb.node:  49
----- Build graph data -----
SCS adj.shape:  (786, 49, 49)
FCF adj.shape:  (786, 49, 49)
FSF adj.shape:  (786, 49, 49)
node feature.shape:  (786, 49, 50)
mask.shape:  (786, 49)
user_label.shape:  (786, 1)
----- Build pair samples -----
nb.pos pair:  9900
nb.neg pair:  9900
train val test ratio:  [0.8, 0.1, 0.1]
nb.train pair:  15840
nb.val pair:  1980
nb.test pair:  1980
/Users/cuitianyu/Works/PycharmProject/6adan/linkage_model/SiamHAN/dataloader.py:453: RuntimeWarning: divide by zero encountered in power
  r_inv = np.power(rowsum, -1).flatten()
WARNING:tensorflow:From linkage_model/SiamHAN/inference_tracking_re.py:99: The name tf.train.import_meta_graph is deprecated. Please use tf.compat.v1.train.import_meta_graph instead.

WARNING:tensorflow:From /Users/cuitianyu/Tools/anaconda3/envs/deep_learning/lib/python3.7/site-packages/tensorflow/python/training/saver.py:1276: checkpoint_exists (from tensorflow.python.training.checkpoint_management) is deprecated and will be removed in a future version.
Instructions for updating:
Use standard file APIs to check for files with this prefix.
load model from : linkage_model/SiamHAN/pre_trained/siamhan-pretrain.ckpt
WARNING:tensorflow:From linkage_model/SiamHAN/inference_tracking_re.py:105: The name tf.get_default_graph is deprecated. Please use tf.compat.v1.get_default_graph instead.

Traceback (most recent call last):
  File "linkage_model/SiamHAN/inference_tracking_re.py", line 174, in <module>
    {msk_in: np.expand_dims(mask[j], axis=0) if np.sum(mask[j]) <= np.sum(tracking_mask[i])
  File "<__array_function__ internals>", line 6, in sum
  File "/Users/cuitianyu/Tools/anaconda3/envs/deep_learning/lib/python3.7/site-packages/numpy/core/fromnumeric.py", line 2215, in sum
    if isinstance(a, _gentype):
KeyboardInterrupt
